<?xml version="1.0" encoding="UTF-8"?>
<TestRun id="20a4865b-5e8c-4ece-be3f-3919d6a3c7fd" name="Chaiwat.Kh@PC_011 2012-07-03 11:22:23" runUser="CARPASSAD\Chaiwat.Kh" xmlns="http://microsoft.com/schemas/VisualStudio/TeamTest/2010">
  <TestSettings name="Local" id="5bac8435-d6ae-4e0c-b733-432b232c72d8">
    <Description>These are default test settings for a local test run.</Description>
    <Deployment enabled="false" runDeploymentRoot="Chaiwat.Kh_PC_011 2012-07-03 11_22_23">
      <DeploymentItem filename="D:\Documents and Settings\chaiwat.kh\My Documents\Visual Studio 2010\Projects\MongoLab\MongoLab\lib\DomainLib.dll" />
      <DeploymentItem filename="D:\Documents and Settings\chaiwat.kh\My Documents\Visual Studio 2010\Projects\MongoLab\MongoLab\lib\Newtonsoft.Json.dll" />
      <DeploymentItem filename="D:\Documents and Settings\chaiwat.kh\My Documents\Visual Studio 2010\Projects\MongoLab\MongoLab\lib\MongoDB.Driver.dll" />
      <DeploymentItem filename="D:\Documents and Settings\chaiwat.kh\My Documents\Visual Studio 2010\Projects\MongoLab\MongoLab\lib\CarPass.Dcm.Helpers.dll" />
      <DeploymentItem filename="D:\Documents and Settings\chaiwat.kh\My Documents\Visual Studio 2010\Projects\MongoLab\MongoLab\lib\MongoDB.Bson.dll" />
    </Deployment>
    <Execution>
      <TestTypeSpecific />
      <AgentRule name="Execution Agents">
      </AgentRule>
    </Execution>
  </TestSettings>
  <Times creation="2012-07-03T11:22:23.5765605+07:00" queuing="2012-07-03T11:22:25.0296576+07:00" start="2012-07-03T11:22:25.4046504+07:00" finish="2012-07-03T11:22:57.7477794+07:00" />
  <ResultSummary outcome="Completed">
    <Counters total="1" executed="1" passed="1" error="0" failed="0" timeout="0" aborted="0" inconclusive="0" passedButRunAborted="0" notRunnable="0" notExecuted="0" disconnected="0" warning="0" completed="0" inProgress="0" pending="0" />
  </ResultSummary>
  <TestDefinitions>
    <UnitTest name="TestReduceMachineNameAndDate" storage="d:\documents and settings\chaiwat.kh\my documents\visual studio 2010\projects\mongolab\mongolab\bin\debug\mongolab.dll" id="ff8ce95e-cab3-a2a8-503c-30d4521984d8">
      <Execution id="194797f9-27b0-4502-847b-a38326c21cb2" />
      <TestMethod codeBase="D:/Documents and Settings/chaiwat.kh/My Documents/Visual Studio 2010/Projects/MongoLab/MongoLab/bin/Debug/MongoLab.DLL" adapterTypeName="Microsoft.VisualStudio.TestTools.TestTypes.Unit.UnitTestAdapter, Microsoft.VisualStudio.QualityTools.Tips.UnitTest.Adapter, Version=10.0.0.0, Culture=neutral, PublicKeyToken=b03f5f7f11d50a3a" className="MongoLab.MapReduceTest, MongoLab, Version=1.0.0.0, Culture=neutral, PublicKeyToken=null" name="TestReduceMachineNameAndDate" />
    </UnitTest>
  </TestDefinitions>
  <TestLists>
    <TestList name="Results Not in a List" id="8c84fa94-04c1-424b-9868-57a2d4851a1d" />
    <TestList name="All Loaded Results" id="19431567-8539-422a-85d7-44ee4e166bda" />
  </TestLists>
  <TestEntries>
    <TestEntry testId="ff8ce95e-cab3-a2a8-503c-30d4521984d8" executionId="194797f9-27b0-4502-847b-a38326c21cb2" testListId="8c84fa94-04c1-424b-9868-57a2d4851a1d" />
  </TestEntries>
  <Results>
    <UnitTestResult executionId="194797f9-27b0-4502-847b-a38326c21cb2" testId="ff8ce95e-cab3-a2a8-503c-30d4521984d8" testName="TestReduceMachineNameAndDate" computerName="PC_011" duration="00:00:30.4442932" startTime="2012-07-03T11:22:25.6702703+07:00" endTime="2012-07-03T11:22:57.4040360+07:00" testType="13cdc9d9-ddb5-4fa4-a97d-d965ccfc6d4b" outcome="Passed" testListId="8c84fa94-04c1-424b-9868-57a2d4851a1d" relativeResultsDirectory="194797f9-27b0-4502-847b-a38326c21cb2">
      <Output>
        <StdOut>[#]value:{ "key" : { "name" : "PC_011", "date" : "2012-6-29" }, "machine" : null, "date" : "2012-6-29", "count" : 21.0, "average" : 10.5 } 
[#]value:{ "key" : { "name" : "PC_011", "date" : "2012-7-2" }, "machine" : null, "date" : "2012-7-2", "count" : 63.0, "average" : 31.5 } 
Total: 84</StdOut>
      </Output>
    </UnitTestResult>
  </Results>
</TestRun>