<?xml version="1.0" encoding="UTF-8"?>
<TestRun id="69d6e0e4-fe7e-4433-b20f-3392e35df7d8" name="Chaiwat.Kh@PC_011 2012-07-04 10:55:07" runUser="CARPASSAD\Chaiwat.Kh" xmlns="http://microsoft.com/schemas/VisualStudio/TeamTest/2010">
  <TestSettings name="Local" id="5bac8435-d6ae-4e0c-b733-432b232c72d8">
    <Description>These are default test settings for a local test run.</Description>
    <Deployment enabled="false" runDeploymentRoot="Chaiwat.Kh_PC_011 2012-07-04 10_55_07">
      <DeploymentItem filename="D:\Documents and Settings\chaiwat.kh\My Documents\Visual Studio 2010\Projects\MongoLab\MongoLab\lib\DomainLib.dll" />
      <DeploymentItem filename="D:\Documents and Settings\chaiwat.kh\My Documents\Visual Studio 2010\Projects\MongoLab\MongoLab\lib\Newtonsoft.Json.dll" />
      <DeploymentItem filename="D:\Documents and Settings\chaiwat.kh\My Documents\Visual Studio 2010\Projects\MongoLab\MongoLab\lib\MongoDB.Driver.dll" />
      <DeploymentItem filename="D:\Documents and Settings\chaiwat.kh\My Documents\Visual Studio 2010\Projects\MongoLab\MongoLab\lib\CarPass.Dcm.Helpers.dll" />
      <DeploymentItem filename="D:\Documents and Settings\chaiwat.kh\My Documents\Visual Studio 2010\Projects\MongoLab\MongoLab\lib\MongoDB.Bson.dll" />
    </Deployment>
    <Execution>
      <TestTypeSpecific />
      <AgentRule name="Execution Agents">
      </AgentRule>
    </Execution>
  </TestSettings>
  <Times creation="2012-07-04T10:55:07.4537207+07:00" queuing="2012-07-04T10:55:09.0310175+07:00" start="2012-07-04T10:55:09.3902039+07:00" finish="2012-07-04T10:55:33.3932255+07:00" />
  <ResultSummary outcome="Error">
    <Counters total="1" executed="1" error="0" failed="0" timeout="0" aborted="1" inconclusive="0" passedButRunAborted="0" notRunnable="0" notExecuted="0" disconnected="0" warning="0" passed="0" completed="0" inProgress="0" pending="0" />
    <RunInfos>
      <RunInfo computerName="PC_011" outcome="Error" timestamp="2012-07-04T10:55:33.3932255+07:00">
        <Text>Test host process exited unexpectedly.</Text>
      </RunInfo>
    </RunInfos>
  </ResultSummary>
  <TestDefinitions>
    <UnitTest name="TestReduceDateAndMethod" storage="d:\documents and settings\chaiwat.kh\my documents\visual studio 2010\projects\mongolab\mongolab\bin\debug\mongolab.dll" id="3ee44cf8-6296-eebc-f9a8-057feda89f30">
      <Execution id="82034ba1-c64f-40e8-a67c-76a0a6047c7f" />
      <TestMethod codeBase="D:/Documents and Settings/chaiwat.kh/My Documents/Visual Studio 2010/Projects/MongoLab/MongoLab/bin/Debug/MongoLab.DLL" adapterTypeName="Microsoft.VisualStudio.TestTools.TestTypes.Unit.UnitTestAdapter, Microsoft.VisualStudio.QualityTools.Tips.UnitTest.Adapter, Version=10.0.0.0, Culture=neutral, PublicKeyToken=b03f5f7f11d50a3a" className="MongoLab.MapReduceTest, MongoLab, Version=1.0.0.0, Culture=neutral, PublicKeyToken=null" name="TestReduceDateAndMethod" />
    </UnitTest>
  </TestDefinitions>
  <TestLists>
    <TestList name="Results Not in a List" id="8c84fa94-04c1-424b-9868-57a2d4851a1d" />
    <TestList name="All Loaded Results" id="19431567-8539-422a-85d7-44ee4e166bda" />
  </TestLists>
  <TestEntries>
    <TestEntry testId="3ee44cf8-6296-eebc-f9a8-057feda89f30" executionId="82034ba1-c64f-40e8-a67c-76a0a6047c7f" testListId="8c84fa94-04c1-424b-9868-57a2d4851a1d" />
  </TestEntries>
  <Results>
    <UnitTestResult executionId="82034ba1-c64f-40e8-a67c-76a0a6047c7f" testId="3ee44cf8-6296-eebc-f9a8-057feda89f30" testName="TestReduceDateAndMethod" computerName="PC_011" duration="00:00:23.7219192" startTime="2012-07-04T10:55:09.6713063+07:00" endTime="2012-07-04T10:55:33.3932255+07:00" testType="13cdc9d9-ddb5-4fa4-a97d-d965ccfc6d4b" outcome="Aborted" testListId="8c84fa94-04c1-424b-9868-57a2d4851a1d" relativeResultsDirectory="82034ba1-c64f-40e8-a67c-76a0a6047c7f">
    </UnitTestResult>
  </Results>
</TestRun>