<?xml version="1.0" encoding="UTF-8"?>
<TestRun id="0eb1882c-435e-49b4-9c41-a5b40cd5afdf" name="Chaiwat.Kh@PC_011 2012-07-03 14:05:28" runUser="CARPASSAD\Chaiwat.Kh" xmlns="http://microsoft.com/schemas/VisualStudio/TeamTest/2010">
  <TestSettings name="Local" id="5bac8435-d6ae-4e0c-b733-432b232c72d8">
    <Description>These are default test settings for a local test run.</Description>
    <Deployment enabled="false" runDeploymentRoot="Chaiwat.Kh_PC_011 2012-07-03 14_05_28">
      <DeploymentItem filename="D:\Documents and Settings\chaiwat.kh\My Documents\Visual Studio 2010\Projects\MongoLab\MongoLab\lib\DomainLib.dll" />
      <DeploymentItem filename="D:\Documents and Settings\chaiwat.kh\My Documents\Visual Studio 2010\Projects\MongoLab\MongoLab\lib\Newtonsoft.Json.dll" />
      <DeploymentItem filename="D:\Documents and Settings\chaiwat.kh\My Documents\Visual Studio 2010\Projects\MongoLab\MongoLab\lib\MongoDB.Driver.dll" />
      <DeploymentItem filename="D:\Documents and Settings\chaiwat.kh\My Documents\Visual Studio 2010\Projects\MongoLab\MongoLab\lib\CarPass.Dcm.Helpers.dll" />
      <DeploymentItem filename="D:\Documents and Settings\chaiwat.kh\My Documents\Visual Studio 2010\Projects\MongoLab\MongoLab\lib\MongoDB.Bson.dll" />
    </Deployment>
    <Execution>
      <TestTypeSpecific />
      <AgentRule name="Execution Agents">
      </AgentRule>
    </Execution>
  </TestSettings>
  <Times creation="2012-07-03T14:05:28.8124121+07:00" queuing="2012-07-03T14:05:30.4842871+07:00" start="2012-07-03T14:05:30.8124121+07:00" finish="2012-07-03T14:06:11.7499121+07:00" />
  <ResultSummary outcome="Error">
    <Counters total="1" error="0" failed="0" timeout="0" aborted="0" inconclusive="0" passedButRunAborted="0" notRunnable="0" notExecuted="0" disconnected="0" warning="0" passed="0" completed="0" inProgress="0" pending="0" />
    <RunInfos>
      <RunInfo computerName="PC_011" outcome="Error" timestamp="2012-07-03T14:06:11.7499121+07:00">
        <Text>Test host process exited unexpectedly.</Text>
      </RunInfo>
    </RunInfos>
  </ResultSummary>
  <TestDefinitions>
    <UnitTest name="TestReduceMachineNameAndDate" storage="d:\documents and settings\chaiwat.kh\my documents\visual studio 2010\projects\mongolab\mongolab\bin\debug\mongolab.dll" id="ff8ce95e-cab3-a2a8-503c-30d4521984d8">
      <Execution id="70ff817e-29c2-4890-a68d-a5fd5eda23dd" />
      <TestMethod codeBase="D:/Documents and Settings/chaiwat.kh/My Documents/Visual Studio 2010/Projects/MongoLab/MongoLab/bin/Debug/MongoLab.DLL" adapterTypeName="Microsoft.VisualStudio.TestTools.TestTypes.Unit.UnitTestAdapter, Microsoft.VisualStudio.QualityTools.Tips.UnitTest.Adapter, Version=10.0.0.0, Culture=neutral, PublicKeyToken=b03f5f7f11d50a3a" className="MongoLab.MapReduceTest, MongoLab, Version=1.0.0.0, Culture=neutral, PublicKeyToken=null" name="TestReduceMachineNameAndDate" />
    </UnitTest>
  </TestDefinitions>
  <TestLists>
    <TestList name="Results Not in a List" id="8c84fa94-04c1-424b-9868-57a2d4851a1d" />
    <TestList name="All Loaded Results" id="19431567-8539-422a-85d7-44ee4e166bda" />
  </TestLists>
  <TestEntries>
    <TestEntry testId="ff8ce95e-cab3-a2a8-503c-30d4521984d8" executionId="70ff817e-29c2-4890-a68d-a5fd5eda23dd" testListId="8c84fa94-04c1-424b-9868-57a2d4851a1d" />
  </TestEntries>
  <Results>
    <UnitTestResult executionId="70ff817e-29c2-4890-a68d-a5fd5eda23dd" testId="ff8ce95e-cab3-a2a8-503c-30d4521984d8" testName="TestReduceMachineNameAndDate" computerName="PC_011" duration="00:00:16.5675203" startTime="2012-07-03T14:05:31.1092871+07:00" testType="13cdc9d9-ddb5-4fa4-a97d-d965ccfc6d4b" outcome="Passed" testListId="8c84fa94-04c1-424b-9868-57a2d4851a1d" relativeResultsDirectory="70ff817e-29c2-4890-a68d-a5fd5eda23dd">
      <Output>
        <StdOut>[#]value:{ "key" : { "name" : undefined, "date" : "2012-7-3" }, "machine" : null, "date" : "2012-7-3", "count" : 2.0, "average" : 1.0 } 
Total: 2</StdOut>
      </Output>
    </UnitTestResult>
  </Results>
</TestRun>