<?xml version="1.0" encoding="UTF-8"?>
<TestRun id="e31f4dc7-fe6d-4c1a-8f05-425d613dd66f" name="Chaiwat.Kh@PC_011 2012-12-04 10:15:21" runUser="CARPASSAD\Chaiwat.Kh" xmlns="http://microsoft.com/schemas/VisualStudio/TeamTest/2010">
  <TestSettings name="Local" id="5bac8435-d6ae-4e0c-b733-432b232c72d8">
    <Description>These are default test settings for a local test run.</Description>
    <Deployment enabled="false" runDeploymentRoot="Chaiwat.Kh_PC_011 2012-12-04 10_15_21">
      <DeploymentItem filename="D:\Lab\Lab-MongoDB\MongoLab\lib\DomainLib.dll" />
      <DeploymentItem filename="D:\Lab\Lab-MongoDB\MongoLab\lib\Newtonsoft.Json.dll" />
      <DeploymentItem filename="D:\Lab\Lab-MongoDB\MongoLab\lib\CarPass.Dcm.Helpers.dll" />
      <DeploymentItem filename="D:\Lab\Lab-MongoDB\MongoLab\lib\MongoDB.Driver.dll" />
      <DeploymentItem filename="D:\Lab\Lab-MongoDB\MongoLab\lib\MongoDB.Bson.dll" />
    </Deployment>
    <Execution>
      <TestTypeSpecific />
      <AgentRule name="Execution Agents">
      </AgentRule>
    </Execution>
  </TestSettings>
  <Times creation="2012-12-04T10:15:21.6402820+07:00" queuing="2012-12-04T10:15:22.3433845+07:00" start="2012-12-04T10:15:22.4058825+07:00" finish="2012-12-04T10:15:29.0775440+07:00" />
  <ResultSummary outcome="Completed">
    <Counters total="1" executed="1" passed="1" error="0" failed="0" timeout="0" aborted="0" inconclusive="0" passedButRunAborted="0" notRunnable="0" notExecuted="0" disconnected="0" warning="0" completed="0" inProgress="0" pending="0" />
  </ResultSummary>
  <TestDefinitions>
    <UnitTest name="TestMethod1" storage="d:\lab\lab-mongodb\mongolab\bin\debug\mongolab.dll" id="570f8594-3e9c-c580-6b16-ce05c299b1b3">
      <Execution id="bb0d3cd3-8e11-4b7b-a3a1-9343709dad68" />
      <TestMethod codeBase="D:/Lab/Lab-MongoDB/MongoLab/bin/Debug/MongoLab.DLL" adapterTypeName="Microsoft.VisualStudio.TestTools.TestTypes.Unit.UnitTestAdapter, Microsoft.VisualStudio.QualityTools.Tips.UnitTest.Adapter, Version=10.0.0.0, Culture=neutral, PublicKeyToken=b03f5f7f11d50a3a" className="MongoLab.LoadDataHttp, MongoLab, Version=1.0.0.0, Culture=neutral, PublicKeyToken=null" name="TestMethod1" />
    </UnitTest>
  </TestDefinitions>
  <TestLists>
    <TestList name="Results Not in a List" id="8c84fa94-04c1-424b-9868-57a2d4851a1d" />
    <TestList name="All Loaded Results" id="19431567-8539-422a-85d7-44ee4e166bda" />
  </TestLists>
  <TestEntries>
    <TestEntry testId="570f8594-3e9c-c580-6b16-ce05c299b1b3" executionId="bb0d3cd3-8e11-4b7b-a3a1-9343709dad68" testListId="8c84fa94-04c1-424b-9868-57a2d4851a1d" />
  </TestEntries>
  <Results>
    <UnitTestResult executionId="bb0d3cd3-8e11-4b7b-a3a1-9343709dad68" testId="570f8594-3e9c-c580-6b16-ce05c299b1b3" testName="TestMethod1" computerName="PC_011" duration="00:00:05.8293862" startTime="2012-12-04T10:15:22.5308785+07:00" endTime="2012-12-04T10:15:29.0150460+07:00" testType="13cdc9d9-ddb5-4fa4-a97d-d965ccfc6d4b" outcome="Passed" testListId="8c84fa94-04c1-424b-9868-57a2d4851a1d" relativeResultsDirectory="bb0d3cd3-8e11-4b7b-a3a1-9343709dad68">
    </UnitTestResult>
  </Results>
</TestRun>