<?xml version="1.0" encoding="UTF-8"?>
<TestRun id="460372b1-615a-4993-9709-cb4ffe590b74" name="Chaiwat.Kh@PC_011 2012-07-04 10:19:54" runUser="CARPASSAD\Chaiwat.Kh" xmlns="http://microsoft.com/schemas/VisualStudio/TeamTest/2010">
  <TestSettings name="Local" id="5bac8435-d6ae-4e0c-b733-432b232c72d8">
    <Description>These are default test settings for a local test run.</Description>
    <Deployment enabled="false" runDeploymentRoot="Chaiwat.Kh_PC_011 2012-07-04 10_19_54">
      <DeploymentItem filename="D:\Documents and Settings\chaiwat.kh\My Documents\Visual Studio 2010\Projects\MongoLab\MongoLab\lib\DomainLib.dll" />
      <DeploymentItem filename="D:\Documents and Settings\chaiwat.kh\My Documents\Visual Studio 2010\Projects\MongoLab\MongoLab\lib\Newtonsoft.Json.dll" />
      <DeploymentItem filename="D:\Documents and Settings\chaiwat.kh\My Documents\Visual Studio 2010\Projects\MongoLab\MongoLab\lib\MongoDB.Driver.dll" />
      <DeploymentItem filename="D:\Documents and Settings\chaiwat.kh\My Documents\Visual Studio 2010\Projects\MongoLab\MongoLab\lib\CarPass.Dcm.Helpers.dll" />
      <DeploymentItem filename="D:\Documents and Settings\chaiwat.kh\My Documents\Visual Studio 2010\Projects\MongoLab\MongoLab\lib\MongoDB.Bson.dll" />
    </Deployment>
    <Execution>
      <TestTypeSpecific />
      <AgentRule name="Execution Agents">
      </AgentRule>
    </Execution>
  </TestSettings>
  <Times creation="2012-07-04T10:19:54.0342218+07:00" queuing="2012-07-04T10:19:54.1119613+07:00" start="2012-07-04T10:19:54.1275092+07:00" finish="2012-07-04T10:19:55.2314101+07:00" />
  <ResultSummary outcome="Failed">
    <Counters total="1" executed="1" error="0" failed="1" timeout="0" aborted="0" inconclusive="0" passedButRunAborted="0" notRunnable="0" notExecuted="0" disconnected="0" warning="0" passed="0" completed="0" inProgress="0" pending="0" />
  </ResultSummary>
  <TestDefinitions>
    <UnitTest name="TestReduceMachineNameAndDate" storage="d:\documents and settings\chaiwat.kh\my documents\visual studio 2010\projects\mongolab\mongolab\bin\debug\mongolab.dll" id="ff8ce95e-cab3-a2a8-503c-30d4521984d8">
      <Execution id="7fa5232a-727f-4881-b1df-e61ecad7f055" />
      <TestMethod codeBase="D:/Documents and Settings/chaiwat.kh/My Documents/Visual Studio 2010/Projects/MongoLab/MongoLab/bin/Debug/MongoLab.DLL" adapterTypeName="Microsoft.VisualStudio.TestTools.TestTypes.Unit.UnitTestAdapter, Microsoft.VisualStudio.QualityTools.Tips.UnitTest.Adapter, Version=10.0.0.0, Culture=neutral, PublicKeyToken=b03f5f7f11d50a3a" className="MongoLab.MapReduceTest, MongoLab, Version=1.0.0.0, Culture=neutral, PublicKeyToken=null" name="TestReduceMachineNameAndDate" />
    </UnitTest>
  </TestDefinitions>
  <TestLists>
    <TestList name="Results Not in a List" id="8c84fa94-04c1-424b-9868-57a2d4851a1d" />
    <TestList name="All Loaded Results" id="19431567-8539-422a-85d7-44ee4e166bda" />
  </TestLists>
  <TestEntries>
    <TestEntry testId="ff8ce95e-cab3-a2a8-503c-30d4521984d8" executionId="7fa5232a-727f-4881-b1df-e61ecad7f055" testListId="8c84fa94-04c1-424b-9868-57a2d4851a1d" />
  </TestEntries>
  <Results>
    <UnitTestResult executionId="7fa5232a-727f-4881-b1df-e61ecad7f055" testId="ff8ce95e-cab3-a2a8-503c-30d4521984d8" testName="TestReduceMachineNameAndDate" computerName="PC_011" duration="00:00:00.6168960" startTime="2012-07-04T10:19:54.1275092+07:00" endTime="2012-07-04T10:19:55.1847664+07:00" testType="13cdc9d9-ddb5-4fa4-a97d-d965ccfc6d4b" outcome="Failed" testListId="8c84fa94-04c1-424b-9868-57a2d4851a1d" relativeResultsDirectory="7fa5232a-727f-4881-b1df-e61ecad7f055">
      <Output>
        <ErrorInfo>
          <Message>Test method MongoLab.MapReduceTest.TestReduceMachineNameAndDate threw exception: 
MongoDB.Driver.MongoCommandException: Command 'mapreduce' failed: db assertion failure (response: { "assertion" : "invoke failed: JS Error: ReferenceError: parseint is not defined nofile_b:12", "assertionCode" : 9004, "errmsg" : "db assertion failure", "ok" : 0.0 })</Message>
          <StackTrace>    at MongoDB.Driver.MongoDatabase.RunCommandAs(Type commandResultType, IMongoCommand command)
   at MongoDB.Driver.MongoDatabase.RunCommandAs[TCommandResult](IMongoCommand command)
   at MongoDB.Driver.MongoCollection.MapReduce(BsonJavaScript map, BsonJavaScript reduce, IMongoMapReduceOptions options)
   at MongoLab.MapReduceTest.TestReduceMachineNameAndDate() in D:\Documents and Settings\chaiwat.kh\My Documents\Visual Studio 2010\Projects\MongoLab\MongoLab\MapReduceTest.cs:line 223
</StackTrace>
        </ErrorInfo>
      </Output>
    </UnitTestResult>
  </Results>
</TestRun>